gyp info it worked if it ends with ok
gyp info using node-gyp@8.4.1
gyp info using node@17.4.0 | linux | x64
gyp info find Python using Python version 3.6.9 found at "/usr/bin/python3"
gyp http GET https://nodejs.org/download/release/v17.4.0/node-v17.4.0-headers.tar.gz
gyp http 200 https://nodejs.org/download/release/v17.4.0/node-v17.4.0-headers.tar.gz
gyp http GET https://nodejs.org/download/release/v17.4.0/SHASUMS256.txt
gyp http 200 https://nodejs.org/download/release/v17.4.0/SHASUMS256.txt
gyp info spawn /usr/bin/python3
gyp info spawn args [
gyp info spawn args   '/home/hp/.nvm/versions/node/v17.4.0/lib/node_modules/npm/node_modules/node-gyp/gyp/gyp_main.py',
gyp info spawn args   'binding.gyp',
gyp info spawn args   '-f',
gyp info spawn args   'make',
gyp info spawn args   '-I',
gyp info spawn args   '/home/hp/Rajeeb/NFT/ERC721/node_modules/ursa-optional/build/config.gypi',
gyp info spawn args   '-I',
gyp info spawn args   '/home/hp/.nvm/versions/node/v17.4.0/lib/node_modules/npm/node_modules/node-gyp/addon.gypi',
gyp info spawn args   '-I',
gyp info spawn args   '/home/hp/.cache/node-gyp/17.4.0/include/node/common.gypi',
gyp info spawn args   '-Dlibrary=shared_library',
gyp info spawn args   '-Dvisibility=default',
gyp info spawn args   '-Dnode_root_dir=/home/hp/.cache/node-gyp/17.4.0',
gyp info spawn args   '-Dnode_gyp_dir=/home/hp/.nvm/versions/node/v17.4.0/lib/node_modules/npm/node_modules/node-gyp',
gyp info spawn args   '-Dnode_lib_file=/home/hp/.cache/node-gyp/17.4.0/<(target_arch)/node.lib',
gyp info spawn args   '-Dmodule_root_dir=/home/hp/Rajeeb/NFT/ERC721/node_modules/ursa-optional',
gyp info spawn args   '-Dnode_engine=v8',
gyp info spawn args   '--depth=.',
gyp info spawn args   '--no-parallel',
gyp info spawn args   '--generator-output',
gyp info spawn args   'build',
gyp info spawn args   '-Goutput_dir=.'
gyp info spawn args ]
gyp info spawn make
gyp info spawn args [ 'BUILDTYPE=Release', '-C', 'build' ]
In file included from /home/hp/.cache/node-gyp/17.4.0/include/node/openssl/rsa.h:14:0,
                 from ../src/ursaNative.h:13,
                 from ../src/ursaNative.cc:3:
/home/hp/.cache/node-gyp/17.4.0/include/node/openssl/macros.h:155:4: error: #error "OPENSSL_API_COMPAT expresses an impossible API compatibility level"
 #  error "OPENSSL_API_COMPAT expresses an impossible API compatibility level"
    ^~~~~
make: *** [Release/obj.target/ursaNative/src/ursaNative.o] Error 1
gyp ERR! build error 
gyp ERR! stack Error: `make` failed with exit code: 2
gyp ERR! stack     at ChildProcess.onExit (/home/hp/.nvm/versions/node/v17.4.0/lib/node_modules/npm/node_modules/node-gyp/lib/build.js:194:23)
gyp ERR! stack     at ChildProcess.emit (node:events:520:28)
gyp ERR! stack     at Process.ChildProcess._handle.onexit (node:internal/child_process:291:12)
gyp ERR! System Linux 5.4.0-100-generic
gyp ERR! command "/home/hp/.nvm/versions/node/v17.4.0/bin/node" "/home/hp/.nvm/versions/node/v17.4.0/lib/node_modules/npm/node_modules/node-gyp/bin/node-gyp.js" "rebuild"
gyp ERR! cwd /home/hp/Rajeeb/NFT/ERC721/node_modules/ursa-optional
gyp ERR! node -v v17.4.0
gyp ERR! node-gyp -v v8.4.1
gyp ERR! not ok 
